DEB [20250409-17:31:13.224] thr=1   paramiko.transport: starting thread (client mode): 0x22254830
DEB [20250409-17:31:13.224] thr=1   paramiko.transport: Local version/idstring: SSH-2.0-paramiko_2.8.0
DEB [20250409-17:31:13.261] thr=1   paramiko.transport: Remote version/idstring: SSH-2.0-OpenSSH_8.9p1 Ubuntu-3ubuntu0.11
INF [20250409-17:31:13.261] thr=1   paramiko.transport: Connected (version 2.0, client OpenSSH_8.9p1)
DEB [20250409-17:31:13.305] thr=1   paramiko.transport: kex algos:['curve25519-sha256', 'curve25519-sha256@libssh.org', 'ecdh-sha2-nistp256', 'ecdh-sha2-nistp384', 'ecdh-sha2-nistp521', 'sntrup761x25519-sha512@openssh.com', 'diffie-hellman-group-exchange-sha256', 'diffie-hellman-group16-sha512', 'diffie-hellman-group18-sha512', 'diffie-hellman-group14-sha256', 'kex-strict-s-v00@openssh.com'] server key:['rsa-sha2-512', 'rsa-sha2-256', 'ecdsa-sha2-nistp256', 'ssh-ed25519'] client encrypt:['chacha20-poly1305@openssh.com', 'aes128-ctr', 'aes192-ctr', 'aes256-ctr', 'aes128-gcm@openssh.com', 'aes256-gcm@openssh.com'] server encrypt:['chacha20-poly1305@openssh.com', 'aes128-ctr', 'aes192-ctr', 'aes256-ctr', 'aes128-gcm@openssh.com', 'aes256-gcm@openssh.com'] client mac:['umac-64-etm@openssh.com', 'umac-128-etm@openssh.com', 'hmac-sha2-256-etm@openssh.com', 'hmac-sha2-512-etm@openssh.com', 'hmac-sha1-etm@openssh.com', 'umac-64@openssh.com', 'umac-128@openssh.com', 'hmac-sha2-256', 'hmac-sha2-512', 'hmac-sha1'] server mac:['umac-64-etm@openssh.com', 'umac-128-etm@openssh.com', 'hmac-sha2-256-etm@openssh.com', 'hmac-sha2-512-etm@openssh.com', 'hmac-sha1-etm@openssh.com', 'umac-64@openssh.com', 'umac-128@openssh.com', 'hmac-sha2-256', 'hmac-sha2-512', 'hmac-sha1'] client compress:['none', 'zlib@openssh.com'] server compress:['none', 'zlib@openssh.com'] client lang:[''] server lang:[''] kex follows?False
DEB [20250409-17:31:13.305] thr=1   paramiko.transport: Kex agreed: curve25519-sha256@libssh.org
DEB [20250409-17:31:13.305] thr=1   paramiko.transport: HostKey agreed: ssh-ed25519
DEB [20250409-17:31:13.305] thr=1   paramiko.transport: Cipher agreed: aes128-ctr
DEB [20250409-17:31:13.305] thr=1   paramiko.transport: MAC agreed: hmac-sha2-256
DEB [20250409-17:31:13.305] thr=1   paramiko.transport: Compression agreed: none
DEB [20250409-17:31:13.352] thr=1   paramiko.transport: kex engine KexCurve25519 specified hash_algo <built-in function openssl_sha256>
DEB [20250409-17:31:13.352] thr=1   paramiko.transport: Switch to new keys ...
DEB [20250409-17:31:13.352] thr=2   paramiko.transport: Adding ssh-ed25519 host key for ec2-18-191-239-86.us-east-2.compute.amazonaws.com: b'32f0242b40ff7f609d86091ed380dd1c'
DEB [20250409-17:31:13.352] thr=2   paramiko.transport: Trying SSH key b'5d4ae77bc1c016a4c4708f2e6d193f2c'
DEB [20250409-17:31:13.472] thr=1   paramiko.transport: userauth is OK
INF [20250409-17:31:13.522] thr=1   paramiko.transport: Authentication (publickey) failed.
DEB [20250409-17:36:51.197] thr=1   paramiko.transport: starting thread (client mode): 0x8d13c830
DEB [20250409-17:36:51.198] thr=1   paramiko.transport: Local version/idstring: SSH-2.0-paramiko_2.8.0
DEB [20250409-17:36:51.247] thr=1   paramiko.transport: Remote version/idstring: SSH-2.0-OpenSSH_8.9p1 Ubuntu-3ubuntu0.11
INF [20250409-17:36:51.247] thr=1   paramiko.transport: Connected (version 2.0, client OpenSSH_8.9p1)
DEB [20250409-17:36:51.286] thr=1   paramiko.transport: kex algos:['curve25519-sha256', 'curve25519-sha256@libssh.org', 'ecdh-sha2-nistp256', 'ecdh-sha2-nistp384', 'ecdh-sha2-nistp521', 'sntrup761x25519-sha512@openssh.com', 'diffie-hellman-group-exchange-sha256', 'diffie-hellman-group16-sha512', 'diffie-hellman-group18-sha512', 'diffie-hellman-group14-sha256', 'kex-strict-s-v00@openssh.com'] server key:['rsa-sha2-512', 'rsa-sha2-256', 'ecdsa-sha2-nistp256', 'ssh-ed25519'] client encrypt:['chacha20-poly1305@openssh.com', 'aes128-ctr', 'aes192-ctr', 'aes256-ctr', 'aes128-gcm@openssh.com', 'aes256-gcm@openssh.com'] server encrypt:['chacha20-poly1305@openssh.com', 'aes128-ctr', 'aes192-ctr', 'aes256-ctr', 'aes128-gcm@openssh.com', 'aes256-gcm@openssh.com'] client mac:['umac-64-etm@openssh.com', 'umac-128-etm@openssh.com', 'hmac-sha2-256-etm@openssh.com', 'hmac-sha2-512-etm@openssh.com', 'hmac-sha1-etm@openssh.com', 'umac-64@openssh.com', 'umac-128@openssh.com', 'hmac-sha2-256', 'hmac-sha2-512', 'hmac-sha1'] server mac:['umac-64-etm@openssh.com', 'umac-128-etm@openssh.com', 'hmac-sha2-256-etm@openssh.com', 'hmac-sha2-512-etm@openssh.com', 'hmac-sha1-etm@openssh.com', 'umac-64@openssh.com', 'umac-128@openssh.com', 'hmac-sha2-256', 'hmac-sha2-512', 'hmac-sha1'] client compress:['none', 'zlib@openssh.com'] server compress:['none', 'zlib@openssh.com'] client lang:[''] server lang:[''] kex follows?False
DEB [20250409-17:36:51.286] thr=1   paramiko.transport: Kex agreed: curve25519-sha256@libssh.org
DEB [20250409-17:36:51.286] thr=1   paramiko.transport: HostKey agreed: ssh-ed25519
DEB [20250409-17:36:51.286] thr=1   paramiko.transport: Cipher agreed: aes128-ctr
DEB [20250409-17:36:51.286] thr=1   paramiko.transport: MAC agreed: hmac-sha2-256
DEB [20250409-17:36:51.286] thr=1   paramiko.transport: Compression agreed: none
DEB [20250409-17:36:51.331] thr=1   paramiko.transport: kex engine KexCurve25519 specified hash_algo <built-in function openssl_sha256>
DEB [20250409-17:36:51.331] thr=1   paramiko.transport: Switch to new keys ...
DEB [20250409-17:36:51.331] thr=2   paramiko.transport: Adding ssh-ed25519 host key for ec2-18-191-239-86.us-east-2.compute.amazonaws.com: b'32f0242b40ff7f609d86091ed380dd1c'
DEB [20250409-17:36:51.331] thr=2   paramiko.transport: Trying SSH key b'5d4ae77bc1c016a4c4708f2e6d193f2c'
DEB [20250409-17:36:51.449] thr=1   paramiko.transport: userauth is OK
INF [20250409-17:36:51.499] thr=1   paramiko.transport: Authentication (publickey) failed.
