2025-04-28 14:46:54,894 INFO: Gym Management System startup [in c:\Users\lilma\Desktop\COSC\Gym-Management-System-Project\app.py:68]
2025-04-28 14:46:55,512 INFO: Gym Management System startup [in c:\Users\lilma\Desktop\COSC\Gym-Management-System-Project\app.py:68]
2025-04-28 14:47:04,536 WARNING: 404 error for URL: http://localhost:5001/favicon.ico [in c:\Users\lilma\Desktop\COSC\Gym-Management-System-Project\app.py:427]
2025-04-28 14:47:07,394 WARNING: 404 error for URL: http://localhost:5001/favicon.ico [in c:\Users\lilma\Desktop\COSC\Gym-Management-System-Project\app.py:427]
2025-04-28 14:47:10,230 WARNING: 404 error for URL: http://localhost:5001/favicon.ico [in c:\Users\lilma\Desktop\COSC\Gym-Management-System-Project\app.py:427]
2025-04-28 14:47:42,280 WARNING: 404 error for URL: http://localhost:5001/favicon.ico [in c:\Users\lilma\Desktop\COSC\Gym-Management-System-Project\app.py:427]
2025-04-28 14:48:02,120 WARNING: 404 error for URL: http://localhost:5001/favicon.ico [in c:\Users\lilma\Desktop\COSC\Gym-Management-System-Project\app.py:427]
2025-04-28 14:48:07,047 WARNING: 404 error for URL: http://localhost:5001/static/js/payment-methods.js [in c:\Users\lilma\Desktop\COSC\Gym-Management-System-Project\app.py:427]
2025-04-28 14:48:07,640 WARNING: 404 error for URL: http://localhost:5001/favicon.ico [in c:\Users\lilma\Desktop\COSC\Gym-Management-System-Project\app.py:427]
2025-04-28 14:48:08,757 WARNING: 404 error for URL: http://localhost:5001/api/payments/history [in c:\Users\lilma\Desktop\COSC\Gym-Management-System-Project\app.py:427]
2025-04-28 14:48:08,825 WARNING: 404 error for URL: http://localhost:5001/api/users/profile [in c:\Users\lilma\Desktop\COSC\Gym-Management-System-Project\app.py:427]
2025-04-28 14:48:20,819 WARNING: 404 error for URL: http://localhost:5001/favicon.ico [in c:\Users\lilma\Desktop\COSC\Gym-Management-System-Project\app.py:427]
2025-04-28 14:48:26,335 WARNING: 404 error for URL: http://localhost:5001/favicon.ico [in c:\Users\lilma\Desktop\COSC\Gym-Management-System-Project\app.py:427]
2025-04-28 14:48:31,082 WARNING: 404 error for URL: http://localhost:5001/home [in c:\Users\lilma\Desktop\COSC\Gym-Management-System-Project\app.py:427]
2025-04-28 14:48:31,700 WARNING: 404 error for URL: http://localhost:5001/favicon.ico [in c:\Users\lilma\Desktop\COSC\Gym-Management-System-Project\app.py:427]
2025-04-28 14:48:39,838 WARNING: 404 error for URL: http://localhost:5001/favicon.ico [in c:\Users\lilma\Desktop\COSC\Gym-Management-System-Project\app.py:427]
2025-04-28 14:48:43,508 WARNING: 404 error for URL: http://localhost:5001/favicon.ico [in c:\Users\lilma\Desktop\COSC\Gym-Management-System-Project\app.py:427]
2025-04-28 14:48:53,069 WARNING: 404 error for URL: http://localhost:5001/favicon.ico [in c:\Users\lilma\Desktop\COSC\Gym-Management-System-Project\app.py:427]
2025-04-28 14:48:56,274 WARNING: 404 error for URL: http://localhost:5001/favicon.ico [in c:\Users\lilma\Desktop\COSC\Gym-Management-System-Project\app.py:427]
2025-04-28 14:48:58,416 WARNING: 404 error for URL: http://localhost:5001/favicon.ico [in c:\Users\lilma\Desktop\COSC\Gym-Management-System-Project\app.py:427]
2025-04-28 14:48:59,042 WARNING: 404 error for URL: http://localhost:5001/favicon.ico [in c:\Users\lilma\Desktop\COSC\Gym-Management-System-Project\app.py:427]
2025-04-28 14:51:31,248 WARNING: 404 error for URL: http://localhost:5001/favicon.ico [in c:\Users\lilma\Desktop\COSC\Gym-Management-System-Project\app.py:427]
2025-04-28 14:53:35,081 WARNING: 404 error for URL: http://localhost:5001/favicon.ico [in c:\Users\lilma\Desktop\COSC\Gym-Management-System-Project\app.py:427]
2025-04-28 14:53:36,978 WARNING: 404 error for URL: http://localhost:5001/favicon.ico [in c:\Users\lilma\Desktop\COSC\Gym-Management-System-Project\app.py:427]
2025-04-28 14:54:08,428 WARNING: 404 error for URL: http://localhost:5001/favicon.ico [in c:\Users\lilma\Desktop\COSC\Gym-Management-System-Project\app.py:427]
2025-04-28 14:55:27,472 WARNING: 404 error for URL: http://localhost:5001/favicon.ico [in c:\Users\lilma\Desktop\COSC\Gym-Management-System-Project\app.py:427]
2025-04-28 14:55:39,209 WARNING: 404 error for URL: http://localhost:5001/favicon.ico [in c:\Users\lilma\Desktop\COSC\Gym-Management-System-Project\app.py:427]
2025-04-28 15:01:29,802 INFO: Gym Management System startup [in C:\Users\lilma\Desktop\COSC\Gym-Management-System-Project\app.py:68]
2025-04-28 15:01:30,287 INFO: Gym Management System startup [in C:\Users\lilma\Desktop\COSC\Gym-Management-System-Project\app.py:68]
2025-04-28 15:01:36,900 WARNING: 404 error for URL: http://localhost:5001/favicon.ico [in C:\Users\lilma\Desktop\COSC\Gym-Management-System-Project\app.py:427]
2025-04-28 15:01:38,006 WARNING: 404 error for URL: http://localhost:5001/favicon.ico [in C:\Users\lilma\Desktop\COSC\Gym-Management-System-Project\app.py:427]
2025-04-28 15:01:49,145 WARNING: 404 error for URL: http://localhost:5001/favicon.ico [in C:\Users\lilma\Desktop\COSC\Gym-Management-System-Project\app.py:427]
